Determining if the pthread_create exist failed with the following output:
Change Dir: /home/dav/ws_kfexercise/build/CMakeFiles/CMakeTmp

Run Build Command:"/usr/bin/make" "cmTC_40878/fast"
/usr/bin/make -f CMakeFiles/cmTC_40878.dir/build.make CMakeFiles/cmTC_40878.dir/build
make[1]: se entra en el directorio '/home/dav/ws_kfexercise/build/CMakeFiles/CMakeTmp'
Building C object CMakeFiles/cmTC_40878.dir/CheckSymbolExists.c.o
/usr/bin/cc    -o CMakeFiles/cmTC_40878.dir/CheckSymbolExists.c.o   -c /home/dav/ws_kfexercise/build/CMakeFiles/CMakeTmp/CheckSymbolExists.c
Linking C executable cmTC_40878
/usr/bin/cmake -E cmake_link_script CMakeFiles/cmTC_40878.dir/link.txt --verbose=1
/usr/bin/cc      -rdynamic CMakeFiles/cmTC_40878.dir/CheckSymbolExists.c.o  -o cmTC_40878 
CMakeFiles/cmTC_40878.dir/CheckSymbolExists.c.o: En la función `main':
CheckSymbolExists.c:(.text+0x1b): referencia a `pthread_create' sin definir
collect2: error: ld returned 1 exit status
CMakeFiles/cmTC_40878.dir/build.make:97: recipe for target 'cmTC_40878' failed
make[1]: *** [cmTC_40878] Error 1
make[1]: se sale del directorio '/home/dav/ws_kfexercise/build/CMakeFiles/CMakeTmp'
Makefile:126: recipe for target 'cmTC_40878/fast' failed
make: *** [cmTC_40878/fast] Error 2

File /home/dav/ws_kfexercise/build/CMakeFiles/CMakeTmp/CheckSymbolExists.c:
/* */
#include <pthread.h>

int main(int argc, char** argv)
{
  (void)argv;
#ifndef pthread_create
  return ((int*)(&pthread_create))[argc];
#else
  (void)argc;
  return 0;
#endif
}

Determining if the function pthread_create exists in the pthreads failed with the following output:
Change Dir: /home/dav/ws_kfexercise/build/CMakeFiles/CMakeTmp

Run Build Command:"/usr/bin/make" "cmTC_0b177/fast"
/usr/bin/make -f CMakeFiles/cmTC_0b177.dir/build.make CMakeFiles/cmTC_0b177.dir/build
make[1]: se entra en el directorio '/home/dav/ws_kfexercise/build/CMakeFiles/CMakeTmp'
Building C object CMakeFiles/cmTC_0b177.dir/CheckFunctionExists.c.o
/usr/bin/cc   -DCHECK_FUNCTION_EXISTS=pthread_create   -o CMakeFiles/cmTC_0b177.dir/CheckFunctionExists.c.o   -c /usr/share/cmake-3.10/Modules/CheckFunctionExists.c
Linking C executable cmTC_0b177
/usr/bin/cmake -E cmake_link_script CMakeFiles/cmTC_0b177.dir/link.txt --verbose=1
/usr/bin/cc  -DCHECK_FUNCTION_EXISTS=pthread_create    -rdynamic CMakeFiles/cmTC_0b177.dir/CheckFunctionExists.c.o  -o cmTC_0b177 -lpthreads 
/usr/bin/ld: no se puede encontrar -lpthreads
collect2: error: ld returned 1 exit status
CMakeFiles/cmTC_0b177.dir/build.make:97: recipe for target 'cmTC_0b177' failed
make[1]: *** [cmTC_0b177] Error 1
make[1]: se sale del directorio '/home/dav/ws_kfexercise/build/CMakeFiles/CMakeTmp'
Makefile:126: recipe for target 'cmTC_0b177/fast' failed
make: *** [cmTC_0b177/fast] Error 2


